2024-10-17 17:50:12,865 [main] INFO 8th_June_CoverFox - Opening application
2024-10-17 17:50:13,972 [main] INFO 8th_June_CoverFox - Clicking on gender button
2024-10-17 17:50:15,067 [main] INFO 8th_June_CoverFox - Clicking on Next button
2024-10-17 17:50:18,375 [main] INFO 8th_June_CoverFox - Selecting age
2024-10-17 17:50:18,502 [main] INFO 8th_June_CoverFox - Clicking on next button
2024-10-17 17:50:19,736 [main] INFO 8th_June_CoverFox - Entering Pincode
2024-10-17 17:50:19,874 [main] INFO 8th_June_CoverFox - Entering mobile number
2024-10-17 17:50:20,008 [main] INFO 8th_June_CoverFox - Clicking on Continue button
2024-10-17 20:32:37,463 [main] INFO 8th_June_CoverFox - Opening application
2024-10-17 20:32:39,193 [main] INFO 8th_June_CoverFox - Clicking on gender button
2024-10-17 20:32:40,341 [main] INFO 8th_June_CoverFox - Clicking on Next button
2024-10-17 20:32:43,500 [main] INFO 8th_June_CoverFox - Selecting age
2024-10-17 20:32:43,703 [main] INFO 8th_June_CoverFox - Clicking on next button
2024-10-17 20:32:45,038 [main] INFO 8th_June_CoverFox - Entering Pincode
2024-10-17 20:32:45,279 [main] INFO 8th_June_CoverFox - Entering mobile number
2024-10-17 20:32:45,486 [main] INFO 8th_June_CoverFox - Clicking on Continue button
2024-10-17 20:34:37,089 [main] INFO 8th_June_CoverFox - Opening application
2024-10-17 20:34:41,980 [main] INFO 8th_June_CoverFox - Clicking on gender button
2024-10-17 20:34:43,282 [main] INFO 8th_June_CoverFox - Clicking on Next button
2024-10-17 20:34:45,505 [main] INFO 8th_June_CoverFox - Selecting age
2024-10-17 20:34:45,628 [main] INFO 8th_June_CoverFox - Clicking on next button
2024-10-17 20:34:47,023 [main] INFO 8th_June_CoverFox - Entering Pincode
2024-10-17 20:34:47,379 [main] INFO 8th_June_CoverFox - Entering mobile number
2024-10-17 20:34:47,817 [main] INFO 8th_June_CoverFox - Clicking on Continue button
2024-10-21 13:24:32,263 [main] INFO 8th_June_CoverFox - Opening application
2024-10-21 13:24:33,442 [main] INFO 8th_June_CoverFox - Clicking on gender button
2024-10-21 13:24:34,559 [main] INFO 8th_June_CoverFox - Clicking on Next button
2024-10-21 13:24:36,539 [main] INFO 8th_June_CoverFox - Selecting age
2024-10-21 13:24:36,649 [main] INFO 8th_June_CoverFox - Clicking on next button
2024-10-21 13:24:37,802 [main] INFO 8th_June_CoverFox - Entering Pincode
2024-10-21 13:24:37,914 [main] INFO 8th_June_CoverFox - Entering mobile number
2024-10-21 13:24:38,009 [main] INFO 8th_June_CoverFox - Clicking on Continue button
2024-10-21 13:25:14,410 [main] INFO 8th_June_CoverFox - Opening application
2024-10-21 13:25:15,387 [main] INFO 8th_June_CoverFox - Clicking on gender button
2024-10-21 13:25:16,509 [main] INFO 8th_June_CoverFox - Clicking on Next button
2024-10-21 13:25:19,063 [main] INFO 8th_June_CoverFox - Selecting age
2024-10-21 13:25:19,204 [main] INFO 8th_June_CoverFox - Clicking on next button
2024-10-21 13:25:20,389 [main] INFO 8th_June_CoverFox - Entering Pincode
2024-10-21 13:25:20,529 [main] INFO 8th_June_CoverFox - Entering mobile number
2024-10-21 13:25:20,620 [main] INFO 8th_June_CoverFox - Clicking on Continue button
2024-11-06 17:12:34,497 [main] INFO 8th_June_CoverFox - Opening application
2024-11-06 17:12:35,199 [main] INFO 8th_June_CoverFox - Clicking on gender button
2024-11-06 17:12:36,525 [main] INFO 8th_June_CoverFox - Clicking on Next button
2024-11-06 17:12:39,279 [main] INFO 8th_June_CoverFox - Selecting age
2024-11-06 17:12:39,392 [main] INFO 8th_June_CoverFox - Clicking on next button
2024-11-06 17:12:40,808 [main] INFO 8th_June_CoverFox - Entering Pincode
2024-11-06 17:12:40,938 [main] INFO 8th_June_CoverFox - Entering mobile number
2024-11-06 17:12:41,055 [main] INFO 8th_June_CoverFox - Clicking on Continue button
2024-11-12 15:52:11,097 [main] INFO 8th_June_CoverFox - Opening application
2024-11-12 15:52:12,150 [main] INFO 8th_June_CoverFox - Clicking on gender button
2024-11-12 15:52:13,279 [main] INFO 8th_June_CoverFox - Clicking on Next button
2024-11-12 15:52:16,536 [main] INFO 8th_June_CoverFox - Selecting age
2024-11-12 15:52:16,637 [main] INFO 8th_June_CoverFox - Clicking on next button
2024-11-12 15:52:17,959 [main] INFO 8th_June_CoverFox - Entering Pincode
2024-11-12 15:52:18,110 [main] INFO 8th_June_CoverFox - Entering mobile number
2024-11-12 15:52:18,222 [main] INFO 8th_June_CoverFox - Clicking on Continue button
2024-11-13 10:17:53,927 [main] INFO 8th_June_CoverFox - Opening application
2024-11-13 10:17:55,078 [main] INFO 8th_June_CoverFox - Clicking on gender button
2024-11-13 10:17:56,182 [main] INFO 8th_June_CoverFox - Clicking on Next button
2024-11-13 10:17:58,877 [main] INFO 8th_June_CoverFox - Selecting age
2024-11-13 10:17:59,004 [main] INFO 8th_June_CoverFox - Clicking on next button
2024-11-13 10:18:00,227 [main] INFO 8th_June_CoverFox - Entering Pincode
2024-11-13 10:18:00,337 [main] INFO 8th_June_CoverFox - Entering mobile number
2024-11-13 10:18:00,436 [main] INFO 8th_June_CoverFox - Clicking on Continue button
2024-11-14 09:08:28,604 [main] INFO 8th_June_CoverFox - Opening application
2024-11-14 09:08:30,449 [main] INFO 8th_June_CoverFox - Clicking on gender button
2024-11-14 09:08:31,549 [main] INFO 8th_June_CoverFox - Clicking on Next button
2024-11-14 09:08:34,149 [main] INFO 8th_June_CoverFox - Selecting age
2024-11-14 09:08:34,285 [main] INFO 8th_June_CoverFox - Clicking on next button
2024-11-14 17:47:03,159 [main] INFO 8th_June_CoverFox - Opening application
2024-11-14 17:47:04,321 [main] INFO 8th_June_CoverFox - Clicking on gender button
2024-11-14 17:47:05,424 [main] INFO 8th_June_CoverFox - Clicking on Next button
2024-11-14 17:47:07,727 [main] INFO 8th_June_CoverFox - Selecting age
2024-11-14 17:47:07,848 [main] INFO 8th_June_CoverFox - Clicking on next button
2024-11-14 17:56:36,173 [main] INFO 8th_June_CoverFox - Opening application
2024-11-14 17:56:40,884 [main] INFO 8th_June_CoverFox - Clicking on gender button
2024-11-14 17:56:42,372 [main] INFO 8th_June_CoverFox - Clicking on Next button
2024-11-14 17:56:44,242 [main] INFO 8th_June_CoverFox - Selecting age
2024-11-14 17:56:44,323 [main] INFO 8th_June_CoverFox - Clicking on next button
2024-11-14 17:56:45,491 [main] INFO 8th_June_CoverFox - Entering Pincode
2024-11-14 17:56:45,613 [main] INFO 8th_June_CoverFox - Entering mobile number
2024-11-14 17:56:45,757 [main] INFO 8th_June_CoverFox - Clicking on Continue button
2024-11-19 09:53:37,621 [main] INFO 8th_June_CoverFox - Opening application
2024-11-19 09:53:38,725 [main] INFO 8th_June_CoverFox - Clicking on gender button
2024-11-19 09:53:39,848 [main] INFO 8th_June_CoverFox - Clicking on Next button
2024-11-19 09:53:42,355 [main] INFO 8th_June_CoverFox - Selecting age
2024-11-19 09:53:42,440 [main] INFO 8th_June_CoverFox - Clicking on next button
2024-11-19 09:53:43,565 [main] INFO 8th_June_CoverFox - Entering Pincode
2024-11-19 09:53:43,709 [main] INFO 8th_June_CoverFox - Entering mobile number
2024-11-19 09:53:43,828 [main] INFO 8th_June_CoverFox - Clicking on Continue button
