2024-10-17 17:50:12,865 - 8th_June_CoverFox -INFO - Opening application
2024-10-17 17:50:13,972 - 8th_June_CoverFox -INFO - Clicking on gender button
2024-10-17 17:50:15,067 - 8th_June_CoverFox -INFO - Clicking on Next button
2024-10-17 17:50:18,375 - 8th_June_CoverFox -INFO - Selecting age
2024-10-17 17:50:18,502 - 8th_June_CoverFox -INFO - Clicking on next button
2024-10-17 17:50:19,736 - 8th_June_CoverFox -INFO - Entering Pincode
2024-10-17 17:50:19,874 - 8th_June_CoverFox -INFO - Entering mobile number
2024-10-17 17:50:20,008 - 8th_June_CoverFox -INFO - Clicking on Continue button
2024-10-17 20:32:37,463 - 8th_June_CoverFox -INFO - Opening application
2024-10-17 20:32:39,193 - 8th_June_CoverFox -INFO - Clicking on gender button
2024-10-17 20:32:40,341 - 8th_June_CoverFox -INFO - Clicking on Next button
2024-10-17 20:32:43,500 - 8th_June_CoverFox -INFO - Selecting age
2024-10-17 20:32:43,703 - 8th_June_CoverFox -INFO - Clicking on next button
2024-10-17 20:32:45,038 - 8th_June_CoverFox -INFO - Entering Pincode
2024-10-17 20:32:45,279 - 8th_June_CoverFox -INFO - Entering mobile number
2024-10-17 20:32:45,486 - 8th_June_CoverFox -INFO - Clicking on Continue button
2024-10-17 20:34:37,089 - 8th_June_CoverFox -INFO - Opening application
2024-10-17 20:34:41,980 - 8th_June_CoverFox -INFO - Clicking on gender button
2024-10-17 20:34:43,282 - 8th_June_CoverFox -INFO - Clicking on Next button
2024-10-17 20:34:45,505 - 8th_June_CoverFox -INFO - Selecting age
2024-10-17 20:34:45,628 - 8th_June_CoverFox -INFO - Clicking on next button
2024-10-17 20:34:47,023 - 8th_June_CoverFox -INFO - Entering Pincode
2024-10-17 20:34:47,379 - 8th_June_CoverFox -INFO - Entering mobile number
2024-10-17 20:34:47,817 - 8th_June_CoverFox -INFO - Clicking on Continue button
2024-10-21 13:24:32,263 - 8th_June_CoverFox -INFO - Opening application
2024-10-21 13:24:33,442 - 8th_June_CoverFox -INFO - Clicking on gender button
2024-10-21 13:24:34,559 - 8th_June_CoverFox -INFO - Clicking on Next button
2024-10-21 13:24:36,539 - 8th_June_CoverFox -INFO - Selecting age
2024-10-21 13:24:36,649 - 8th_June_CoverFox -INFO - Clicking on next button
2024-10-21 13:24:37,802 - 8th_June_CoverFox -INFO - Entering Pincode
2024-10-21 13:24:37,914 - 8th_June_CoverFox -INFO - Entering mobile number
2024-10-21 13:24:38,009 - 8th_June_CoverFox -INFO - Clicking on Continue button
2024-10-21 13:25:14,410 - 8th_June_CoverFox -INFO - Opening application
2024-10-21 13:25:15,387 - 8th_June_CoverFox -INFO - Clicking on gender button
2024-10-21 13:25:16,509 - 8th_June_CoverFox -INFO - Clicking on Next button
2024-10-21 13:25:19,063 - 8th_June_CoverFox -INFO - Selecting age
2024-10-21 13:25:19,204 - 8th_June_CoverFox -INFO - Clicking on next button
2024-10-21 13:25:20,389 - 8th_June_CoverFox -INFO - Entering Pincode
2024-10-21 13:25:20,529 - 8th_June_CoverFox -INFO - Entering mobile number
2024-10-21 13:25:20,620 - 8th_June_CoverFox -INFO - Clicking on Continue button
2024-11-06 17:12:34,497 - 8th_June_CoverFox -INFO - Opening application
2024-11-06 17:12:35,199 - 8th_June_CoverFox -INFO - Clicking on gender button
2024-11-06 17:12:36,525 - 8th_June_CoverFox -INFO - Clicking on Next button
2024-11-06 17:12:39,279 - 8th_June_CoverFox -INFO - Selecting age
2024-11-06 17:12:39,392 - 8th_June_CoverFox -INFO - Clicking on next button
2024-11-06 17:12:40,808 - 8th_June_CoverFox -INFO - Entering Pincode
2024-11-06 17:12:40,938 - 8th_June_CoverFox -INFO - Entering mobile number
2024-11-06 17:12:41,055 - 8th_June_CoverFox -INFO - Clicking on Continue button
2024-11-12 15:52:11,097 - 8th_June_CoverFox -INFO - Opening application
2024-11-12 15:52:12,150 - 8th_June_CoverFox -INFO - Clicking on gender button
2024-11-12 15:52:13,279 - 8th_June_CoverFox -INFO - Clicking on Next button
2024-11-12 15:52:16,536 - 8th_June_CoverFox -INFO - Selecting age
2024-11-12 15:52:16,637 - 8th_June_CoverFox -INFO - Clicking on next button
2024-11-12 15:52:17,959 - 8th_June_CoverFox -INFO - Entering Pincode
2024-11-12 15:52:18,110 - 8th_June_CoverFox -INFO - Entering mobile number
2024-11-12 15:52:18,222 - 8th_June_CoverFox -INFO - Clicking on Continue button
2024-11-13 10:17:53,927 - 8th_June_CoverFox -INFO - Opening application
2024-11-13 10:17:55,078 - 8th_June_CoverFox -INFO - Clicking on gender button
2024-11-13 10:17:56,182 - 8th_June_CoverFox -INFO - Clicking on Next button
2024-11-13 10:17:58,877 - 8th_June_CoverFox -INFO - Selecting age
2024-11-13 10:17:59,004 - 8th_June_CoverFox -INFO - Clicking on next button
2024-11-13 10:18:00,227 - 8th_June_CoverFox -INFO - Entering Pincode
2024-11-13 10:18:00,337 - 8th_June_CoverFox -INFO - Entering mobile number
2024-11-13 10:18:00,436 - 8th_June_CoverFox -INFO - Clicking on Continue button
2024-11-14 09:08:28,604 - 8th_June_CoverFox -INFO - Opening application
2024-11-14 09:08:30,449 - 8th_June_CoverFox -INFO - Clicking on gender button
2024-11-14 09:08:31,549 - 8th_June_CoverFox -INFO - Clicking on Next button
2024-11-14 09:08:34,149 - 8th_June_CoverFox -INFO - Selecting age
2024-11-14 09:08:34,285 - 8th_June_CoverFox -INFO - Clicking on next button
2024-11-14 17:47:03,159 - 8th_June_CoverFox -INFO - Opening application
2024-11-14 17:47:04,321 - 8th_June_CoverFox -INFO - Clicking on gender button
2024-11-14 17:47:05,424 - 8th_June_CoverFox -INFO - Clicking on Next button
2024-11-14 17:47:07,727 - 8th_June_CoverFox -INFO - Selecting age
2024-11-14 17:47:07,848 - 8th_June_CoverFox -INFO - Clicking on next button
2024-11-14 17:56:36,173 - 8th_June_CoverFox -INFO - Opening application
2024-11-14 17:56:40,884 - 8th_June_CoverFox -INFO - Clicking on gender button
2024-11-14 17:56:42,372 - 8th_June_CoverFox -INFO - Clicking on Next button
2024-11-14 17:56:44,242 - 8th_June_CoverFox -INFO - Selecting age
2024-11-14 17:56:44,323 - 8th_June_CoverFox -INFO - Clicking on next button
2024-11-14 17:56:45,491 - 8th_June_CoverFox -INFO - Entering Pincode
2024-11-14 17:56:45,613 - 8th_June_CoverFox -INFO - Entering mobile number
2024-11-14 17:56:45,757 - 8th_June_CoverFox -INFO - Clicking on Continue button
2024-11-19 09:53:37,621 - 8th_June_CoverFox -INFO - Opening application
2024-11-19 09:53:38,725 - 8th_June_CoverFox -INFO - Clicking on gender button
2024-11-19 09:53:39,848 - 8th_June_CoverFox -INFO - Clicking on Next button
2024-11-19 09:53:42,355 - 8th_June_CoverFox -INFO - Selecting age
2024-11-19 09:53:42,440 - 8th_June_CoverFox -INFO - Clicking on next button
2024-11-19 09:53:43,565 - 8th_June_CoverFox -INFO - Entering Pincode
2024-11-19 09:53:43,709 - 8th_June_CoverFox -INFO - Entering mobile number
2024-11-19 09:53:43,828 - 8th_June_CoverFox -INFO - Clicking on Continue button
